2022-03-23 14:21:37,876 DEBUG    root            Loaded Command Group: ['gcloud', 'components']
2022-03-23 14:21:37,879 DEBUG    root            Loaded Command Group: ['gcloud', 'components', 'update']
2022-03-23 14:21:37,883 DEBUG    root            Running [gcloud.components.update] with arguments: [--quiet: "True", COMPONENT-IDS:8: "['gcloud', 'core', 'bq', 'gsutil', 'compute', 'preview', 'alpha', 'beta']"]
2022-03-23 14:21:37,890 INFO     ___FILE_ONLY___ Beginning update. This process may take several minutes.

2022-03-23 14:21:37,897 DEBUG    urllib3.connectionpool Starting new HTTPS connection (1): dl.google.com:443
2022-03-23 14:21:37,925 DEBUG    urllib3.connectionpool https://dl.google.com:443 "GET /dl/cloudsdk/channels/rapid/components-2.json HTTP/1.1" 200 186644
2022-03-23 14:21:37,945 WARNING  root            Component [compute] no longer exists.
2022-03-23 14:21:37,945 WARNING  root            Component [preview] no longer exists.
2022-03-23 14:21:37,947 INFO     ___FILE_ONLY___ 

2022-03-23 14:21:37,947 INFO     ___FILE_ONLY___ 
Your current Google Cloud CLI version is: 378.0.0

2022-03-23 14:21:37,947 INFO     ___FILE_ONLY___ Installing components from version: 378.0.0

2022-03-23 14:21:37,947 INFO     ___FILE_ONLY___ 

2022-03-23 14:21:37,951 INFO     ___FILE_ONLY___ ┌──────────────────────────────────────────────┐
2022-03-23 14:21:37,951 INFO     ___FILE_ONLY___ 

2022-03-23 14:21:37,952 INFO     ___FILE_ONLY___ │     These components will be installed.      │
2022-03-23 14:21:37,952 INFO     ___FILE_ONLY___ 

2022-03-23 14:21:37,952 INFO     ___FILE_ONLY___ ├───────────────────────┬────────────┬─────────┤
2022-03-23 14:21:37,952 INFO     ___FILE_ONLY___ 

2022-03-23 14:21:37,952 INFO     ___FILE_ONLY___ │          Name         │  Version   │   Size  │
2022-03-23 14:21:37,952 INFO     ___FILE_ONLY___ 

2022-03-23 14:21:37,952 INFO     ___FILE_ONLY___ ├───────────────────────┼────────────┼─────────┤
2022-03-23 14:21:37,952 INFO     ___FILE_ONLY___ 

2022-03-23 14:21:37,952 INFO     ___FILE_ONLY___ │ 
2022-03-23 14:21:37,953 INFO     ___FILE_ONLY___ gcloud Alpha Commands
2022-03-23 14:21:37,953 INFO     ___FILE_ONLY___  
2022-03-23 14:21:37,953 INFO     ___FILE_ONLY___ │ 
2022-03-23 14:21:37,953 INFO     ___FILE_ONLY___ 2022.03.18
2022-03-23 14:21:37,953 INFO     ___FILE_ONLY___  
2022-03-23 14:21:37,953 INFO     ___FILE_ONLY___ │ 
2022-03-23 14:21:37,953 INFO     ___FILE_ONLY___ < 1 MiB
2022-03-23 14:21:37,953 INFO     ___FILE_ONLY___  
2022-03-23 14:21:37,953 INFO     ___FILE_ONLY___ │
2022-03-23 14:21:37,954 INFO     ___FILE_ONLY___ 

2022-03-23 14:21:37,954 INFO     ___FILE_ONLY___ │ 
2022-03-23 14:21:37,954 INFO     ___FILE_ONLY___ gcloud Beta Commands 
2022-03-23 14:21:37,954 INFO     ___FILE_ONLY___  
2022-03-23 14:21:37,954 INFO     ___FILE_ONLY___ │ 
2022-03-23 14:21:37,954 INFO     ___FILE_ONLY___ 2022.03.18
2022-03-23 14:21:37,954 INFO     ___FILE_ONLY___  
2022-03-23 14:21:37,954 INFO     ___FILE_ONLY___ │ 
2022-03-23 14:21:37,954 INFO     ___FILE_ONLY___ < 1 MiB
2022-03-23 14:21:37,954 INFO     ___FILE_ONLY___  
2022-03-23 14:21:37,955 INFO     ___FILE_ONLY___ │
2022-03-23 14:21:37,955 INFO     ___FILE_ONLY___ 

2022-03-23 14:21:37,955 INFO     ___FILE_ONLY___ └───────────────────────┴────────────┴─────────┘
2022-03-23 14:21:37,955 INFO     ___FILE_ONLY___ 

2022-03-23 14:21:37,955 INFO     ___FILE_ONLY___ 

2022-03-23 14:21:37,958 DEBUG    urllib3.connectionpool Starting new HTTPS connection (1): dl.google.com:443
2022-03-23 14:21:37,984 DEBUG    urllib3.connectionpool https://dl.google.com:443 "GET /dl/cloudsdk/channels/rapid/RELEASE_NOTES HTTP/1.1" 200 781085
2022-03-23 14:21:38,034 INFO     ___FILE_ONLY___ For the latest full release notes, please visit:
  https://cloud.google.com/sdk/release_notes


2022-03-23 14:21:38,039 INFO     ___FILE_ONLY___ ╔════════════════════════════════════════════════════════════╗

2022-03-23 14:21:38,039 INFO     ___FILE_ONLY___ ╠═ Creating update staging area                             ═╣

2022-03-23 14:21:38,039 INFO     ___FILE_ONLY___ ╚
2022-03-23 14:21:38,039 INFO     ___FILE_ONLY___ ══════
2022-03-23 14:21:38,732 INFO     ___FILE_ONLY___ ══════
2022-03-23 14:21:38,733 INFO     ___FILE_ONLY___ ══════
2022-03-23 14:21:39,351 INFO     ___FILE_ONLY___ ═
2022-03-23 14:21:39,502 INFO     ___FILE_ONLY___ ═
2022-03-23 14:21:39,580 INFO     ___FILE_ONLY___ ═
2022-03-23 14:21:39,682 INFO     ___FILE_ONLY___ ═
2022-03-23 14:21:39,802 INFO     ___FILE_ONLY___ ═
2022-03-23 14:21:39,919 INFO     ___FILE_ONLY___ ═
2022-03-23 14:21:40,064 INFO     ___FILE_ONLY___ ═
2022-03-23 14:21:40,185 INFO     ___FILE_ONLY___ ═
2022-03-23 14:21:40,288 INFO     ___FILE_ONLY___ ═
2022-03-23 14:21:40,455 INFO     ___FILE_ONLY___ ═
2022-03-23 14:21:40,555 INFO     ___FILE_ONLY___ ═
2022-03-23 14:21:40,675 INFO     ___FILE_ONLY___ ═
2022-03-23 14:21:40,776 INFO     ___FILE_ONLY___ ═
2022-03-23 14:21:40,886 INFO     ___FILE_ONLY___ ═
2022-03-23 14:21:40,964 INFO     ___FILE_ONLY___ ═
2022-03-23 14:21:41,051 INFO     ___FILE_ONLY___ ═
2022-03-23 14:21:41,181 INFO     ___FILE_ONLY___ ═
2022-03-23 14:21:41,319 INFO     ___FILE_ONLY___ ═
2022-03-23 14:21:41,564 INFO     ___FILE_ONLY___ ═
2022-03-23 14:21:41,631 INFO     ___FILE_ONLY___ ═
2022-03-23 14:21:41,684 INFO     ___FILE_ONLY___ ═
2022-03-23 14:21:41,735 INFO     ___FILE_ONLY___ ═
2022-03-23 14:21:41,801 INFO     ___FILE_ONLY___ ═
2022-03-23 14:21:41,847 INFO     ___FILE_ONLY___ ═
2022-03-23 14:21:41,996 INFO     ___FILE_ONLY___ ═
2022-03-23 14:21:42,408 INFO     ___FILE_ONLY___ ═
2022-03-23 14:21:42,598 INFO     ___FILE_ONLY___ ═
2022-03-23 14:21:42,727 INFO     ___FILE_ONLY___ ═
2022-03-23 14:21:42,820 INFO     ___FILE_ONLY___ ═
2022-03-23 14:21:42,908 INFO     ___FILE_ONLY___ ═
2022-03-23 14:21:43,019 INFO     ___FILE_ONLY___ ═
2022-03-23 14:21:43,110 INFO     ___FILE_ONLY___ ═
2022-03-23 14:21:43,198 INFO     ___FILE_ONLY___ ═
2022-03-23 14:21:43,299 INFO     ___FILE_ONLY___ ═
2022-03-23 14:21:43,387 INFO     ___FILE_ONLY___ ═
2022-03-23 14:21:43,473 INFO     ___FILE_ONLY___ ═
2022-03-23 14:21:43,594 INFO     ___FILE_ONLY___ ═
2022-03-23 14:21:43,687 INFO     ___FILE_ONLY___ ═
2022-03-23 14:21:43,832 INFO     ___FILE_ONLY___ ═
2022-03-23 14:21:43,898 INFO     ___FILE_ONLY___ ═
2022-03-23 14:21:43,968 INFO     ___FILE_ONLY___ ═
2022-03-23 14:21:44,029 INFO     ___FILE_ONLY___ ═
2022-03-23 14:21:44,029 INFO     ___FILE_ONLY___ ╝

2022-03-23 14:21:46,624 INFO     ___FILE_ONLY___ ╔════════════════════════════════════════════════════════════╗

2022-03-23 14:21:46,625 INFO     ___FILE_ONLY___ ╠═ Installing: gcloud Alpha Commands                        ═╣

2022-03-23 14:21:46,625 INFO     ___FILE_ONLY___ ╚
2022-03-23 14:21:46,629 DEBUG    urllib3.connectionpool Starting new HTTPS connection (1): dl.google.com:443
2022-03-23 14:21:46,653 DEBUG    urllib3.connectionpool https://dl.google.com:443 "GET /dl/cloudsdk/channels/rapid/components/google-cloud-sdk-alpha-20220318140024.tar.gz HTTP/1.1" 200 750
2022-03-23 14:21:46,655 INFO     ___FILE_ONLY___ ══════════════════════════════
2022-03-23 14:21:46,657 INFO     ___FILE_ONLY___ ══════════════════════════════
2022-03-23 14:21:46,657 INFO     ___FILE_ONLY___ ╝

2022-03-23 14:21:46,669 INFO     ___FILE_ONLY___ ╔════════════════════════════════════════════════════════════╗

2022-03-23 14:21:46,670 INFO     ___FILE_ONLY___ ╠═ Installing: gcloud Beta Commands                         ═╣

2022-03-23 14:21:46,670 INFO     ___FILE_ONLY___ ╚
2022-03-23 14:21:46,674 DEBUG    urllib3.connectionpool Starting new HTTPS connection (1): dl.google.com:443
2022-03-23 14:21:46,693 DEBUG    urllib3.connectionpool https://dl.google.com:443 "GET /dl/cloudsdk/channels/rapid/components/google-cloud-sdk-beta-20220318140024.tar.gz HTTP/1.1" 200 746
2022-03-23 14:21:46,695 INFO     ___FILE_ONLY___ ══════════════════════════════
2022-03-23 14:21:46,696 INFO     ___FILE_ONLY___ ══════════════════════════════
2022-03-23 14:21:46,697 INFO     ___FILE_ONLY___ ╝

2022-03-23 14:21:46,708 INFO     ___FILE_ONLY___ ╔════════════════════════════════════════════════════════════╗

2022-03-23 14:21:46,708 INFO     ___FILE_ONLY___ ╠═ Creating backup and activating new installation          ═╣

2022-03-23 14:21:46,709 INFO     ___FILE_ONLY___ ╚
2022-03-23 14:21:46,709 DEBUG    root            Attempting to move directory [/tools/google-cloud-sdk] to [/tools/google-cloud-sdk.staging/.install/.backup]
2022-03-23 14:21:46,709 INFO     ___FILE_ONLY___ ══════════════════════════════
2022-03-23 14:21:46,709 DEBUG    root            Attempting to move directory [/tools/google-cloud-sdk.staging] to [/tools/google-cloud-sdk]
2022-03-23 14:21:46,710 INFO     ___FILE_ONLY___ ══════════════════════════════
2022-03-23 14:21:46,710 INFO     ___FILE_ONLY___ ╝

2022-03-23 14:21:46,715 DEBUG    root            Updating notification cache...
2022-03-23 14:21:46,716 INFO     ___FILE_ONLY___ 

2022-03-23 14:21:46,721 INFO     ___FILE_ONLY___ Performing post processing steps...
2022-03-23 14:21:46,722 DEBUG    root            Executing command: ['python3', '-S', '/tools/google-cloud-sdk/lib/gcloud.py', 'components', 'post-process']
2022-03-23 14:22:09,178 DEBUG    ___FILE_ONLY___ 
2022-03-23 14:22:09,179 DEBUG    ___FILE_ONLY___ 
2022-03-23 14:22:09,257 INFO     ___FILE_ONLY___ 
Update done!


2022-03-23 14:22:09,261 INFO     root            Display format: "none"
