2022-03-29 12:37:46,400 DEBUG    root            Loaded Command Group: ['gcloud', 'auth']
2022-03-29 12:37:46,476 DEBUG    root            Loaded Command Group: ['gcloud', 'auth', 'login']
2022-03-29 12:37:46,478 WARNING  root            The --[no-]launch-browser flags are deprecated and will be removed in version 383.0.0 (04/26/2022). Use --no-browser to replace --no-launch-browser.

2022-03-29 12:37:46,480 DEBUG    root            Running [gcloud.auth.login] with arguments: [--enable-gdrive-access: "True", --no-launch-browser: "False", --quiet: "True"]
2022-03-29 12:37:46,493 DEBUG    requests_oauthlib.oauth2_session Generated new state 4JGFYDyONALWHQoTkz0ZTbUYUnceBV.
2022-03-29 12:37:46,494 INFO     ___FILE_ONLY___ Go to the following link in your browser:

    https://accounts.google.com/o/oauth2/auth?response_type=code&client_id=32555940559.apps.googleusercontent.com&redirect_uri=urn%3Aietf%3Awg%3Aoauth%3A2.0%3Aoob&scope=openid+https%3A%2F%2Fwww.googleapis.com%2Fauth%2Fuserinfo.email+https%3A%2F%2Fwww.googleapis.com%2Fauth%2Fcloud-platform+https%3A%2F%2Fwww.googleapis.com%2Fauth%2Fappengine.admin+https%3A%2F%2Fwww.googleapis.com%2Fauth%2Fcompute+https%3A%2F%2Fwww.googleapis.com%2Fauth%2Faccounts.reauth+https%3A%2F%2Fwww.googleapis.com%2Fauth%2Fdrive&state=4JGFYDyONALWHQoTkz0ZTbUYUnceBV&prompt=consent&access_type=offline&code_challenge=XfGax0O0ugSbmYu_0PUsx2ZeJCEuDKyNErpQ1I4F6Bc&code_challenge_method=S256


2022-03-29 12:37:59,688 DEBUG    requests_oauthlib.oauth2_session Requesting url https://oauth2.googleapis.com/token using method POST.
2022-03-29 12:37:59,688 DEBUG    requests_oauthlib.oauth2_session Supplying headers {b'Accept': b'application/json', b'Content-Type': b'application/x-www-form-urlencoded;charset=UTF-8', b'user-agent': b'google-cloud-sdk gcloud/378.0.0 command/gcloud.auth.login invocation-id/3451435b765f47e9902f65cc4f8d432e environment/None environment-version/None interactive/False from-script/True python/3.7.13 term/xterm-color (Linux 5.4.144+)'} and data {'grant_type': 'authorization_code', 'client_id': '32555940559.apps.googleusercontent.com', 'client_secret': 'ZmssLNjJy2998hD4CTg2ejr2', 'code': '4/1AX4XfWi7FR1lVwMsF6E6RsMGYcwS45TS5ZYAeZVCXZyf5xXF0HhaUIVJx5s', 'redirect_uri': 'urn:ietf:wg:oauth:2.0:oob', 'code_verifier': '5ffWJvZxPJpNQLJ5g4yz7s-.~q.f5O5sjDRbl9mTjoENt1EYLddmTgX6kA772Ow7gjAgjmS-jt_8~7wzgAf7mjZgN1Dw3k9VYlzd9LfHUPch0QsSgr-SjYA8MZXwYApg'}
2022-03-29 12:37:59,688 DEBUG    requests_oauthlib.oauth2_session Passing through key word arguments {'json': None, 'timeout': None, 'auth': None, 'verify': None, 'proxies': None}.
2022-03-29 12:37:59,690 DEBUG    urllib3.connectionpool Starting new HTTPS connection (1): oauth2.googleapis.com:443
2022-03-29 12:37:59,868 DEBUG    urllib3.connectionpool https://oauth2.googleapis.com:443 "POST /token HTTP/1.1" 200 None
2022-03-29 12:37:59,869 DEBUG    requests_oauthlib.oauth2_session Prepared fetch token request body grant_type=authorization_code&client_id=32555940559.apps.googleusercontent.com&client_secret=ZmssLNjJy2998hD4CTg2ejr2&code=4%2F1AX4XfWi7FR1lVwMsF6E6RsMGYcwS45TS5ZYAeZVCXZyf5xXF0HhaUIVJx5s&redirect_uri=urn%3Aietf%3Awg%3Aoauth%3A2.0%3Aoob&code_verifier=5ffWJvZxPJpNQLJ5g4yz7s-.~q.f5O5sjDRbl9mTjoENt1EYLddmTgX6kA772Ow7gjAgjmS-jt_8~7wzgAf7mjZgN1Dw3k9VYlzd9LfHUPch0QsSgr-SjYA8MZXwYApg
2022-03-29 12:37:59,870 DEBUG    requests_oauthlib.oauth2_session Request to fetch token completed with status 200.
2022-03-29 12:37:59,870 DEBUG    requests_oauthlib.oauth2_session Request headers were {'user-agent': b'google-cloud-sdk gcloud/378.0.0 command/gcloud.auth.login invocation-id/3451435b765f47e9902f65cc4f8d432e environment/None environment-version/None interactive/False from-script/True python/3.7.13 term/xterm-color (Linux 5.4.144+)', 'Accept-Encoding': 'gzip, deflate', 'Accept': b'application/json', 'Connection': 'keep-alive', 'Content-Type': b'application/x-www-form-urlencoded;charset=UTF-8', 'Content-Length': '379'}
2022-03-29 12:37:59,870 DEBUG    requests_oauthlib.oauth2_session Request body was grant_type=authorization_code&client_id=32555940559.apps.googleusercontent.com&client_secret=ZmssLNjJy2998hD4CTg2ejr2&code=4%2F1AX4XfWi7FR1lVwMsF6E6RsMGYcwS45TS5ZYAeZVCXZyf5xXF0HhaUIVJx5s&redirect_uri=urn%3Aietf%3Awg%3Aoauth%3A2.0%3Aoob&code_verifier=5ffWJvZxPJpNQLJ5g4yz7s-.~q.f5O5sjDRbl9mTjoENt1EYLddmTgX6kA772Ow7gjAgjmS-jt_8~7wzgAf7mjZgN1Dw3k9VYlzd9LfHUPch0QsSgr-SjYA8MZXwYApg
2022-03-29 12:37:59,870 DEBUG    requests_oauthlib.oauth2_session Response headers were {'Date': 'Tue, 29 Mar 2022 12:37:59 GMT', 'Expires': 'Mon, 01 Jan 1990 00:00:00 GMT', 'Pragma': 'no-cache', 'Cache-Control': 'no-cache, no-store, max-age=0, must-revalidate', 'Content-Type': 'application/json; charset=utf-8', 'Vary': 'Origin, X-Origin, Referer', 'Content-Encoding': 'gzip', 'Server': 'scaffolding on HTTPServer2', 'X-XSS-Protection': '0', 'X-Frame-Options': 'SAMEORIGIN', 'X-Content-Type-Options': 'nosniff', 'Transfer-Encoding': 'chunked'} and content {
  "access_token": "ya29.A0ARrdaM_jGXOaA4ysTWtrI2fddwG3I1GfZxeTB2Q39VV9QbqAwQtkg1PLxz4aDpHQrLnDm1p4QcOXGcnsfYPHZq-w5UuRCkJyYIwau_pXbn4HT-w7hOkmADMs0t6Pgez_Y8aOO93cMb2GO3Jaz7kcynqhx5gNPqeCGNLT",
  "expires_in": 3599,
  "refresh_token": "1//06FPMeSjesbt5CgYIARAAGAYSNwF-L9Irmwy1hlTCwicFP47bLaPsLZSVq1yPh2BhSAOPVpI5lvwJHmWmF9uk4MDkVhjNsFgjbJI",
  "scope": "https://www.googleapis.com/auth/userinfo.email https://www.googleapis.com/auth/compute https://www.googleapis.com/auth/drive openid https://www.googleapis.com/auth/accounts.reauth https://www.googleapis.com/auth/cloud-platform https://www.googleapis.com/auth/appengine.admin",
  "token_type": "Bearer",
  "id_token": "eyJhbGciOiJSUzI1NiIsImtpZCI6IjU4YjQyOTY2MmRiMDc4NmYyZWZlZmUxM2MxZWIxMmEyOGRjNDQyZDAiLCJ0eXAiOiJKV1QifQ.eyJpc3MiOiJodHRwczovL2FjY291bnRzLmdvb2dsZS5jb20iLCJhenAiOiIzMjU1NTk0MDU1OS5hcHBzLmdvb2dsZXVzZXJjb250ZW50LmNvbSIsImF1ZCI6IjMyNTU1OTQwNTU5LmFwcHMuZ29vZ2xldXNlcmNvbnRlbnQuY29tIiwic3ViIjoiMTE2NDYxODc3MzY3MTI5MzA0Mjg5IiwiaGQiOiJla2tlbC5haSIsImVtYWlsIjoic2FmZWUuYXplZW1AZWtrZWwuYWkiLCJlbWFpbF92ZXJpZmllZCI6dHJ1ZSwiYXRfaGFzaCI6ImhlOHI2QnFQVDE3VnBfSnNBUTRwY1EiLCJpYXQiOjE2NDg1NTc0NzksImV4cCI6MTY0ODU2MTA3OX0.msTLuopLJKvAP-fUpqWeXmAEdyimrBd_3o2pTKcLwYLLTeglQ7GiRRc8eZkdiMetDgWzm2mFq-OnDOunoNNqx-cdP4wfvf1QH_RJPxKG0cjofp2wYXUnafMcbQIZlS6o-veh0FYm9X6b4rQ30AWInt4_bje8Kd8gIbY_-KAqRtAOm9eT7EcVPXKNUQN56MgtGns6XLMZCCS5HSymuP1pEyY6sz2M72SG-Hjg3q3-pc-QfisTyF1DyGZRbi_hha8L-_cs22woOu8065bWDX9ZAabsbF7lpSQD4pkUn8ZW3otydLbcYdH6eAxL5MNf9IwdIK7i2U0UQpgbG0WGFhyu9A"
}.
2022-03-29 12:37:59,870 DEBUG    requests_oauthlib.oauth2_session Invoking 0 token response hooks.
2022-03-29 12:37:59,870 DEBUG    requests_oauthlib.oauth2_session Obtained token {'access_token': 'ya29.A0ARrdaM_jGXOaA4ysTWtrI2fddwG3I1GfZxeTB2Q39VV9QbqAwQtkg1PLxz4aDpHQrLnDm1p4QcOXGcnsfYPHZq-w5UuRCkJyYIwau_pXbn4HT-w7hOkmADMs0t6Pgez_Y8aOO93cMb2GO3Jaz7kcynqhx5gNPqeCGNLT', 'expires_in': 3599, 'refresh_token': '1//06FPMeSjesbt5CgYIARAAGAYSNwF-L9Irmwy1hlTCwicFP47bLaPsLZSVq1yPh2BhSAOPVpI5lvwJHmWmF9uk4MDkVhjNsFgjbJI', 'scope': ['https://www.googleapis.com/auth/userinfo.email', 'https://www.googleapis.com/auth/compute', 'https://www.googleapis.com/auth/drive', 'openid', 'https://www.googleapis.com/auth/accounts.reauth', 'https://www.googleapis.com/auth/cloud-platform', 'https://www.googleapis.com/auth/appengine.admin'], 'token_type': 'Bearer', 'id_token': 'eyJhbGciOiJSUzI1NiIsImtpZCI6IjU4YjQyOTY2MmRiMDc4NmYyZWZlZmUxM2MxZWIxMmEyOGRjNDQyZDAiLCJ0eXAiOiJKV1QifQ.eyJpc3MiOiJodHRwczovL2FjY291bnRzLmdvb2dsZS5jb20iLCJhenAiOiIzMjU1NTk0MDU1OS5hcHBzLmdvb2dsZXVzZXJjb250ZW50LmNvbSIsImF1ZCI6IjMyNTU1OTQwNTU5LmFwcHMuZ29vZ2xldXNlcmNvbnRlbnQuY29tIiwic3ViIjoiMTE2NDYxODc3MzY3MTI5MzA0Mjg5IiwiaGQiOiJla2tlbC5haSIsImVtYWlsIjoic2FmZWUuYXplZW1AZWtrZWwuYWkiLCJlbWFpbF92ZXJpZmllZCI6dHJ1ZSwiYXRfaGFzaCI6ImhlOHI2QnFQVDE3VnBfSnNBUTRwY1EiLCJpYXQiOjE2NDg1NTc0NzksImV4cCI6MTY0ODU2MTA3OX0.msTLuopLJKvAP-fUpqWeXmAEdyimrBd_3o2pTKcLwYLLTeglQ7GiRRc8eZkdiMetDgWzm2mFq-OnDOunoNNqx-cdP4wfvf1QH_RJPxKG0cjofp2wYXUnafMcbQIZlS6o-veh0FYm9X6b4rQ30AWInt4_bje8Kd8gIbY_-KAqRtAOm9eT7EcVPXKNUQN56MgtGns6XLMZCCS5HSymuP1pEyY6sz2M72SG-Hjg3q3-pc-QfisTyF1DyGZRbi_hha8L-_cs22woOu8065bWDX9ZAabsbF7lpSQD4pkUn8ZW3otydLbcYdH6eAxL5MNf9IwdIK7i2U0UQpgbG0WGFhyu9A', 'expires_at': 1648561078.8707068}.
2022-03-29 12:37:59,916 INFO     ___FILE_ONLY___ 
You are now logged in as [safee.azeem@ekkel.ai].
Your current project is [None].  You can change this setting by running:
  $ gcloud config set project PROJECT_ID

2022-03-29 12:37:59,916 INFO     root            Display format: "none"
2022-03-29 12:37:59,917 DEBUG    root            SDK update checks are disabled.
